<?xml version="1.0" encoding="UTF-8"?>
<testsuite name="Lab1.SolvingEndpointTest" tests="2" skipped="0" failures="0" errors="0" timestamp="2020-05-20T10:51:21" hostname="WIN-IJ6BLPP633L" time="0.015">
  <properties/>
  <testcase name="testSolve()" classname="Lab1.SolvingEndpointTest" time="0.008"/>
  <testcase name="testDistance()" classname="Lab1.SolvingEndpointTest" time="0.003"/>
  <system-out><![CDATA[]]></system-out>
  <system-err><![CDATA[]]></system-err>
</testsuite>
