<?xml version="1.0" encoding="UTF-8"?>
<testsuite name="SolvingEndpointTest" tests="2" skipped="0" failures="0" errors="0" timestamp="2020-05-20T10:51:21" hostname="WIN-IJ6BLPP633L" time="0.022">
  <properties/>
  <testcase name="testSolve()" classname="SolvingEndpointTest" time="0.003"/>
  <testcase name="testDistance()" classname="SolvingEndpointTest" time="0.002"/>
  <system-out><![CDATA[]]></system-out>
  <system-err><![CDATA[]]></system-err>
</testsuite>
