<?xml version="1.0" encoding="UTF-8"?>
<testsuite name="SolvingEndpointTest" tests="2" skipped="0" failures="0" errors="0" timestamp="2020-05-19T21:21:05" hostname="WIN-IJ6BLPP633L" time="0.054">
  <properties/>
  <testcase name="testSolve()" classname="SolvingEndpointTest" time="0.045"/>
  <testcase name="testDistance()" classname="SolvingEndpointTest" time="0.001"/>
  <system-out><![CDATA[]]></system-out>
  <system-err><![CDATA[]]></system-err>
</testsuite>
