<?xml version="1.0" encoding="UTF-8"?>
<testsuite name="MessageHandlerTest" tests="2" skipped="0" failures="0" errors="0" timestamp="2020-05-19T21:21:06" hostname="WIN-IJ6BLPP633L" time="0.012">
  <properties/>
  <testcase name="testDecode()" classname="MessageHandlerTest" time="0.002"/>
  <testcase name="testEncode()" classname="MessageHandlerTest" time="0.009"/>
  <system-out><![CDATA[]]></system-out>
  <system-err><![CDATA[]]></system-err>
</testsuite>
